<?xml version="1.0" encoding="UTF-8"?>
<testsuite name="ejercicio02.TestEjercicio02" tests="2" skipped="0" failures="0" errors="0" timestamp="2019-09-25T22:30:24" hostname="ChikyPC" time="0.005">
  <properties/>
  <testcase name="test_add" classname="ejercicio02.TestEjercicio02" time="0.001"/>
  <testcase name="test_addAll" classname="ejercicio02.TestEjercicio02" time="0.004"/>
  <system-out><![CDATA[]]></system-out>
  <system-err><![CDATA[]]></system-err>
</testsuite>
